

bradypus
predict start at 2024-11-20 17:03:54.281348
full predict for bradypus from 'randomForest' (rf) model
full done in 0.01 minutes
mask for bradypus


bradypus
predict start at 2024-11-20 17:05:36.464393
mask for bradypus
mask done in 0 minutes
thresh for bradypus
thresh done in 0.01 minutes
predict finished. elapsed time: 0.02 minutes


bradypus
predict start at 2024-11-21 18:32:13.363539
predict stack for bradypus
predict stack created in 0 minutes
predict for bradypus from 'randomForest' (rf) model
predict finished in 0.01 minutes
thresh for bradypus
thresh done in 0 minutes
predict finished. elapsed time: 0.03 minutes
