

bradypus
predict start at 2024-11-26 14:11:42.644184
predict stack for bradypus
predict stack created in 0 minutes
predict for bradypus from maxnet model with arguments: fc = lq, rm = 3 and threshold: 0.49
predict finished in 0 minutes
thresh for bradypus
thresh done in 0 minutes
predict finished. elapsed time: 0.03 minutes


bradypus
predict start at 2024-11-26 14:16:11.919676
predict stack for bradypus
predict stack created in 0 minutes
predict for bradypus from maxnet model with arguments: fc = lq, rm = 3 and threshold: 0.49
predict finished in 0 minutes
thresh for bradypus
thresh done in 0 minutes
predict finished. elapsed time: 0.04 minutes


bradypus
predict start at 2024-11-26 14:16:27.570221
predict stack for bradypus
predict stack created in 0 minutes
predict for bradypus from maxnet model with arguments: fc = lq, rm = 3 and threshold: 0.49
predict finished in 0 minutes
thresh for bradypus
thresh done in 0 minutes
predict finished. elapsed time: 0.04 minutes


bradypus
predict start at 2024-11-26 14:17:27.909501
predict stack for bradypus
predict stack created in 0 minutes
predict for bradypus from maxnet model with arguments: fc = lq, rm = 3 and threshold: 0.49
predict finished in 0 minutes
thresh for bradypus
thresh done in 0 minutes
predict finished. elapsed time: 0.04 minutes
