
bradypus
prep start at 2025-04-09 12:57:27.540893.
116 rows in 'presence'
9 predictors
24 presences required for 3 sets of min_fold_n (which is 8):
  * 2 as cross folds
  * 1 as holdout
114 presences in predict_boundary and on env rasters
subsetting predictors done in 0 minutes
density raster done in 0.01 minutes
10000 background points attempted. Completed in: 0 minutes
env data extracted in: 0 minutes.
3131 background points with env values.
repeat: 1. test/training split
 973 test data, including 34 presences
 2272 training data, including 80 presences

repeat: 2. test/training split
 973 test data, including 34 presences
 2272 training data, including 80 presences

repeat: 3. test/training split
 973 test data, including 34 presences
 2272 training data, including 80 presences

repeat: 4. test/training split
 973 test data, including 34 presences
 2272 training data, including 80 presences

repeat: 5. test/training split
 973 test data, including 34 presences
 2272 training data, including 80 presences

repeat: 1, spatial folds = TRUE. Folds = 5
repeat: 2, spatial folds = TRUE. Folds = 5
repeat: 3, spatial folds = TRUE. Folds = 5
repeat: 4, spatial folds = TRUE. Folds = 5
repeat: 5, spatial folds = TRUE. Folds = 5.
Folds done in 0.43 minutes
reduce_env completed in: 0.02 minutes. Original 9 variables reduced to 6
prep completed. elapsed time: 0.47 minutes
